<?xml version="1.0" encoding="UTF-8"?>
<!-- Generated by org.testng.reporters.JUnitXMLReporter -->
<testsuite hostname="Ganesh" name="EndecaVsSolr_Search" tests="8" failures="1" timestamp="24 Oct 2019 16:43:32 GMT" time="15.962" errors="0">
  <testcase name="test_EacPI_Err" time="1.951" classname="com.asda.qa.search.api.EndecaVsSolr_Search">
    <failure type="java.lang.AssertionError" message="The following asserts failed:
	For the search term Mi the Endeca response and Solr response are not same expected [true] but found [false]">
      <![CDATA[java.lang.AssertionError: The following asserts failed:
	For the search term Mi the Endeca response and Solr response are not same expected [true] but found [false]
	at org.testng.asserts.SoftAssert.assertAll(SoftAssert.java:43)
	at com.asda.qa.search.api.EndecaVsSolr_Search.test_EacPI_Err(EndecaVsSolr_Search.java:64)
	at sun.reflect.NativeMethodAccessorImpl.invoke0(Native Method)
	at sun.reflect.NativeMethodAccessorImpl.invoke(Unknown Source)
	at sun.reflect.DelegatingMethodAccessorImpl.invoke(Unknown Source)
	at java.lang.reflect.Method.invoke(Unknown Source)
	at org.testng.internal.MethodInvocationHelper.invokeMethod(MethodInvocationHelper.java:86)
	at org.testng.internal.Invoker.invokeMethod(Invoker.java:643)
	at org.testng.internal.Invoker.invokeTestMethod(Invoker.java:820)
	at org.testng.internal.Invoker.invokeTestMethods(Invoker.java:1128)
	at org.testng.internal.TestMethodWorker.invokeTestMethods(TestMethodWorker.java:129)
	at org.testng.internal.TestMethodWorker.run(TestMethodWorker.java:112)
	at java.util.concurrent.ThreadPoolExecutor.runWorker(Unknown Source)
	at java.util.concurrent.ThreadPoolExecutor$Worker.run(Unknown Source)
	at java.lang.Thread.run(Unknown Source)
]]>
    </failure>
  </testcase> <!-- test_EacPI_Err -->
  <testcase name="test_EacPI" time="12.755" classname="com.asda.qa.search.api.EndecaVsSolr_Search"/>
  <testcase name="test_EacPI" time="12.937" classname="com.asda.qa.search.api.EndecaVsSolr_Search"/>
  <testcase name="test_EacPI" time="12.966" classname="com.asda.qa.search.api.EndecaVsSolr_Search"/>
  <testcase name="test_EacPI" time="13.473" classname="com.asda.qa.search.api.EndecaVsSolr_Search"/>
  <testcase name="test_EacPI" time="13.549" classname="com.asda.qa.search.api.EndecaVsSolr_Search"/>
  <testcase name="test_EacPI" time="13.631" classname="com.asda.qa.search.api.EndecaVsSolr_Search"/>
  <testcase name="test_EacPI" time="13.737" classname="com.asda.qa.search.api.EndecaVsSolr_Search"/>
</testsuite> <!-- EndecaVsSolr_Search -->
